{
  "RSpec": {
    "coverage": {
      "/Users/apprentice/wow-me/IMLegend/config/environment.rb": [
        null,
        1,
        null,
        null,
        1
      ],
      "/Users/apprentice/wow-me/IMLegend/config/application.rb": [
        1,
        null,
        1,
        null,
        null,
        null,
        1,
        null,
        1,
        1,
        null,
        null,
        null,
        null,
        null,
        null,
        null,
        null,
        null,
        null,
        null,
        null,
        null,
        1,
        null,
        null
      ],
      "/Users/apprentice/wow-me/IMLegend/config/boot.rb": [
        1,
        null,
        1
      ],
      "/Users/apprentice/wow-me/IMLegend/config/environments/test.rb": [
        1,
        null,
        null,
        null,
        null,
        null,
        null,
        1,
        null,
        null,
        null,
        null,
        1,
        null,
        null,
        1,
        1,
        null,
        null,
        1,
        1,
        null,
        null,
        1,
        null,
        null,
        1,
        null,
        null,
        null,
        null,
        1,
        null,
        null,
        1,
        null,
        null,
        1,
        null,
        null,
        null,
        null
      ],
      "/Users/apprentice/wow-me/IMLegend/config/initializers/assets.rb": [
        null,
        null,
        null,
        1,
        null,
        null,
        null,
        null,
        null,
        null,
        null
      ],
      "/Users/apprentice/wow-me/IMLegend/config/initializers/backtrace_silencers.rb": [
        null,
        null,
        null,
        null,
        null,
        null,
        null
      ],
      "/Users/apprentice/wow-me/IMLegend/config/initializers/cookies_serializer.rb": [
        null,
        null,
        1
      ],
      "/Users/apprentice/wow-me/IMLegend/config/initializers/filter_parameter_logging.rb": [
        null,
        null,
        null,
        1
      ],
      "/Users/apprentice/wow-me/IMLegend/config/initializers/inflections.rb": [
        null,
        null,
        null,
        null,
        null,
        null,
        null,
        null,
        null,
        null,
        null,
        null,
        null,
        null,
        null,
        null
      ],
      "/Users/apprentice/wow-me/IMLegend/config/initializers/mime_types.rb": [
        null,
        null,
        null,
        null
      ],
      "/Users/apprentice/wow-me/IMLegend/config/initializers/session_store.rb": [
        null,
        null,
        1
      ],
      "/Users/apprentice/wow-me/IMLegend/config/initializers/wrap_parameters.rb": [
        null,
        null,
        null,
        null,
        null,
        null,
        1,
        1,
        null,
        null,
        null,
        null,
        null,
        null
      ],
      "/Users/apprentice/wow-me/IMLegend/config/routes.rb": [
        1,
        null,
        null,
        1,
        1,
        null,
        1,
        1,
        1,
        null,
        1,
        1,
        null,
        1,
        1,
        1,
        null,
        null,
        null
      ],
      "/Users/apprentice/wow-me/IMLegend/app/helpers/admins_helper.rb": [
        1,
        1,
        null,
        null,
        1,
        0,
        0,
        null,
        null,
        null,
        null,
        null
      ],
      "/Users/apprentice/wow-me/IMLegend/app/helpers/application_helper.rb": [
        1,
        null
      ],
      "/Users/apprentice/wow-me/IMLegend/app/helpers/student_helper.rb": [
        1,
        1,
        0,
        0,
        0,
        null,
        0,
        null,
        null
      ],
      "/Users/apprentice/wow-me/IMLegend/app/helpers/teacher_helper.rb": [
        1,
        null,
        1,
        391,
        null,
        null,
        1,
        138,
        null,
        null,
        null,
        null,
        null
      ],
      "/Users/apprentice/wow-me/IMLegend/app/controllers/teams_controller.rb": [
        1,
        null,
        1,
        33,
        31,
        null,
        null,
        null,
        1,
        0,
        0,
        null,
        null,
        null,
        1,
        2,
        2,
        2,
        2,
        2,
        null,
        0,
        null,
        2,
        null,
        null,
        null,
        1,
        null,
        1,
        2,
        null,
        null,
        null
      ],
      "/Users/apprentice/wow-me/IMLegend/app/controllers/application_controller.rb": [
        1,
        null,
        null,
        1,
        null,
        1,
        1,
        null,
        1,
        59,
        57,
        null,
        2,
        null,
        null,
        null
      ],
      "/Users/apprentice/wow-me/IMLegend/spec/features/soon_to_be_legends_page_spec.rb": [
        1,
        null,
        1,
        1,
        null,
        1,
        1,
        1,
        1,
        1,
        1,
        1,
        1,
        null,
        null,
        1,
        1,
        1,
        null,
        null,
        1,
        1,
        1,
        1,
        1,
        1,
        1,
        1,
        1,
        1,
        null,
        1,
        1,
        1,
        1,
        null,
        null,
        1,
        1,
        1,
        1,
        1,
        1,
        null,
        null,
        null,
        null,
        null,
        null,
        null,
        null,
        null,
        null,
        null,
        null,
        null,
        null,
        null,
        null,
        null,
        null,
        null,
        null,
        null,
        null,
        null,
        null
      ],
      "/Users/apprentice/wow-me/IMLegend/spec/features/student_name_clickable_spec.rb": [
        1,
        null,
        1,
        1,
        1,
        1,
        1,
        1,
        1,
        1,
        1,
        1,
        1,
        1,
        null,
        1,
        1,
        1,
        1,
        null,
        1,
        1,
        1,
        2,
        null,
        null,
        1,
        1,
        1,
        1,
        null,
        null,
        1,
        1,
        1,
        1,
        1,
        1,
        1,
        1,
        1,
        1,
        1,
        null,
        1,
        1,
        1,
        1,
        null,
        1,
        1,
        1,
        2,
        null,
        null,
        1,
        1,
        1,
        1,
        null,
        null,
        null,
        null,
        null
      ],
      "/Users/apprentice/wow-me/IMLegend/spec/features/student_show_page_spec.rb": [
        1,
        null,
        1,
        1,
        null,
        1,
        1,
        1,
        1,
        1,
        null,
        1,
        1,
        1,
        1,
        null,
        null,
        1,
        1,
        1,
        null,
        null,
        1,
        1,
        1,
        1,
        1,
        null,
        1,
        1,
        1,
        1,
        null,
        null,
        1,
        1,
        1,
        null,
        null,
        1,
        1,
        1,
        1,
        1,
        null,
        1,
        1,
        1,
        1,
        null,
        null,
        1,
        1,
        1,
        null,
        null,
        1,
        1,
        1,
        1,
        1,
        null,
        1,
        1,
        1,
        1,
        null,
        null,
        1,
        1,
        1,
        null,
        null,
        1,
        1,
        1,
        1,
        1,
        null,
        1,
        1,
        1,
        1,
        null,
        null,
        1,
        1,
        4,
        null,
        null,
        null,
        1,
        1,
        1,
        1,
        1,
        null,
        1,
        1,
        1,
        1,
        null,
        null,
        1,
        1,
        1,
        null,
        null,
        1,
        1,
        1,
        1,
        1,
        1,
        1,
        1,
        null,
        1,
        1,
        1,
        1,
        null,
        null,
        1,
        1,
        1,
        null,
        null,
        null,
        1,
        1,
        1,
        1,
        1,
        1,
        null,
        1,
        1,
        1,
        1,
        null,
        null,
        1,
        1,
        1,
        null,
        null,
        null,
        1,
        1,
        1,
        1,
        1,
        1,
        1,
        1,
        null,
        1,
        1,
        1,
        1,
        null,
        null,
        1,
        1,
        1,
        null,
        null,
        null,
        null,
        null
      ],
      "/Users/apprentice/wow-me/IMLegend/spec/features/teacher_home_page_spec.rb": [
        1,
        null,
        1,
        1,
        null,
        null,
        null,
        1,
        1,
        1,
        1,
        null,
        1,
        1,
        1,
        1,
        null,
        null,
        1,
        1,
        1,
        null,
        null,
        1,
        1,
        1,
        1,
        1,
        null,
        1,
        1,
        1,
        1,
        null,
        null,
        1,
        1,
        1,
        null,
        null,
        1,
        1,
        1,
        1,
        1,
        null,
        1,
        1,
        1,
        1,
        null,
        null,
        1,
        1,
        1,
        null,
        null,
        1,
        1,
        1,
        1,
        1,
        1,
        1,
        null,
        1,
        1,
        1,
        1,
        null,
        null,
        1,
        1,
        1,
        1,
        null,
        null,
        1,
        1,
        1,
        1,
        null,
        1,
        1,
        1,
        1,
        null,
        null,
        1,
        1,
        1,
        1,
        null,
        null,
        null,
        null,
        1,
        null,
        1,
        1,
        1,
        1,
        1,
        1,
        1,
        1,
        1,
        1,
        1,
        1,
        null,
        1,
        1,
        1,
        1,
        null,
        1,
        1,
        1,
        1,
        1,
        1,
        1,
        1,
        null,
        null,
        null,
        1,
        1,
        1,
        1,
        1,
        1,
        1,
        1,
        1,
        1,
        1,
        1,
        null,
        1,
        1,
        1,
        1,
        null,
        1,
        1,
        1,
        1,
        1,
        1,
        1,
        1,
        null,
        null,
        null,
        null,
        null,
        null,
        null,
        null,
        null,
        null,
        null,
        null
      ],
      "/Users/apprentice/wow-me/IMLegend/spec/features/team_name_clickable_spec.rb": [
        1,
        null,
        1,
        1,
        1,
        1,
        1,
        1,
        1,
        1,
        1,
        1,
        1,
        1,
        1,
        1,
        1,
        1,
        null,
        1,
        1,
        1,
        1,
        null,
        1,
        2,
        2,
        null,
        1,
        2,
        2,
        null,
        null,
        null,
        null,
        1,
        1,
        1,
        1,
        1,
        1,
        1,
        1,
        1,
        1,
        1,
        1,
        1,
        1,
        1,
        null,
        1,
        1,
        1,
        1,
        null,
        1,
        2,
        2,
        null,
        1,
        2,
        2,
        null,
        null,
        null,
        null,
        null
      ],
      "/Users/apprentice/wow-me/IMLegend/spec/features/teams_index_page_spec.rb": [

      ],
      "/Users/apprentice/wow-me/IMLegend/spec/models/student_spec.rb": [
        1,
        null,
        1,
        10,
        null,
        1,
        1,
        1,
        null,
        null,
        1,
        1,
        null,
        null,
        1,
        1,
        null,
        null,
        1,
        1,
        null,
        null,
        1,
        1,
        null,
        null,
        1,
        1,
        null,
        null,
        1,
        1,
        null,
        null,
        1,
        1,
        null,
        null,
        null,
        1,
        1,
        1,
        1,
        1,
        null,
        null,
        null
      ],
      "/Users/apprentice/wow-me/IMLegend/app/models/student.rb": [
        1,
        1,
        1,
        null,
        1,
        104,
        null,
        null,
        null,
        1,
        0,
        0,
        0,
        0,
        null,
        null,
        null
      ],
      "/Users/apprentice/wow-me/IMLegend/spec/models/teacher_spec.rb": [
        1,
        null,
        1,
        7,
        null,
        1,
        1,
        1,
        null,
        null,
        1,
        1,
        null,
        null,
        1,
        1,
        null,
        null,
        1,
        1,
        1,
        null,
        null,
        1,
        1,
        null,
        null,
        1,
        1,
        null,
        null,
        null,
        null
      ],
      "/Users/apprentice/wow-me/IMLegend/app/models/teacher.rb": [
        1,
        1,
        null,
        1,
        null,
        1,
        91,
        null,
        null
      ],
      "/Users/apprentice/wow-me/IMLegend/spec/models/team_spec.rb": [
        1,
        null,
        1,
        4,
        null,
        1,
        1,
        1,
        null,
        null,
        1,
        1,
        null,
        null,
        1,
        1,
        null,
        null,
        null,
        1,
        null,
        null,
        null,
        null
      ],
      "/Users/apprentice/wow-me/IMLegend/app/models/team.rb": [
        1,
        1,
        1,
        1,
        null,
        1,
        40,
        null,
        null,
        null
      ],
      "/Users/apprentice/wow-me/IMLegend/spec/routing/application_routing_spec.rb": [

      ],
      "/Users/apprentice/wow-me/IMLegend/spec/routing/students_routing_spec.rb": [

      ],
      "/Users/apprentice/wow-me/IMLegend/spec/routing/teachers_routing_spec.rb": [

      ],
      "/Users/apprentice/wow-me/IMLegend/spec/routing/teams_routing_spec.rb": [

      ],
      "/Users/apprentice/wow-me/IMLegend/app/controllers/sessions_controller.rb": [
        1,
        1,
        null,
        1,
        null,
        null,
        1,
        22,
        22,
        22,
        22,
        22,
        0,
        null,
        22,
        null,
        null,
        null,
        0,
        null,
        null,
        null,
        1,
        0,
        0,
        null,
        null
      ],
      "/Users/apprentice/wow-me/IMLegend/app/controllers/students_controller.rb": [
        1,
        1,
        5,
        5,
        null,
        null,
        null,
        1,
        19,
        19,
        null,
        null,
        null,
        1,
        0,
        0,
        null,
        null,
        null,
        1,
        0,
        0,
        0,
        null,
        0,
        0,
        null,
        0,
        null,
        null,
        null,
        null,
        1,
        0,
        0,
        0,
        null,
        null,
        null,
        1,
        0,
        0,
        0,
        0,
        null,
        0,
        null,
        0,
        null,
        null,
        null,
        1,
        0,
        0,
        0,
        0,
        null,
        0,
        null,
        0,
        0,
        0,
        0,
        null,
        0,
        null,
        null,
        0,
        null,
        0,
        0,
        null,
        0,
        0,
        0,
        null,
        0,
        0,
        0,
        null,
        null,
        null,
        null,
        1,
        null,
        1,
        0,
        null,
        null,
        null
      ]
    },
    "timestamp": 1475847485
  }
}
